2022-10-31 14:38:55,801 [INFO] Activator:177 - 


2022-10-31 14:38:55,802 [INFO] Activator:178 - !SESSION log4j initialized
2022-10-31 14:39:18,598 [ERROR] LogOutputStream:74 - [STDERR_REDIRECT] SLF4J: Failed to load class "org.slf4j.impl.StaticLoggerBinder".
2022-10-31 14:39:18,598 [ERROR] LogOutputStream:74 - [STDERR_REDIRECT] SLF4J: Defaulting to no-operation (NOP) logger implementation
2022-10-31 14:39:18,599 [ERROR] LogOutputStream:74 - [STDERR_REDIRECT] SLF4J: See http://www.slf4j.org/codes.html#StaticLoggerBinder for further details.
2022-10-31 14:39:57,951 [INFO] McuFinderGlobals:44 - Set McuFinder mode to 2 (CubeIDE integrated)
2022-10-31 14:39:58,070 [INFO] ApplicationProperties:181 - Using Application install path: C:\ST\STM32CubeIDE_1.10.1\STM32CubeIDE\plugins\com.st.stm32cube.common.mx_6.6.1.202207061420
2022-10-31 14:39:58,089 [INFO] DbMcusXml:77 - Set database path to: C:\ST\STM32CubeIDE_1.10.1\STM32CubeIDE\plugins\com.st.stm32cube.common.mx_6.6.1.202207061420\\db\/mcu/
2022-10-31 14:39:58,090 [INFO] ApiDb:269 - Set plugin database path to: C:\ST\STM32CubeIDE_1.10.1\STM32CubeIDE\plugins\com.st.stm32cube.common.mx_6.6.1.202207061420\\db\/plugins/boardmanager/
2022-10-31 14:39:58,091 [WARN] ApiDb:254 - Overriding images path with different value:  => C:\ST\STM32CubeIDE_1.10.1\STM32CubeIDE\plugins\com.st.stm32cube.common.mx_6.6.1.202207061420\\db\/plugins/mcufinder/images/
2022-10-31 14:39:58,101 [INFO] ApiDb:249 - Set database path to: C:\Users\deara\.stmcufinder\plugins\mcufinder//mcu/
2022-10-31 14:39:58,101 [INFO] DbMcusAds:124 - Set database path to: C:\Users\deara\.stmcufinder\plugins\mcufinder//mcu/
2022-10-31 14:39:58,138 [INFO] CrossReferenceDbSqlite:201 - Set database path to: C:\Users\deara\.stmcufinder\plugins\mcufinder//mcu/cs/
2022-10-31 14:39:58,213 [INFO] RulesReader:61 - Compatibility file has been processed (282 Rules)
2022-10-31 14:39:58,277 [INFO] DbMcusXml:77 - Set database path to: C:\ST\STM32CubeIDE_1.10.1\STM32CubeIDE\plugins\com.st.stm32cube.common.mx_6.6.1.202207061420\\db\/mcu/
2022-10-31 14:39:58,278 [INFO] ApiDb:269 - Set plugin database path to: C:\ST\STM32CubeIDE_1.10.1\STM32CubeIDE\plugins\com.st.stm32cube.common.mx_6.6.1.202207061420\\db\/plugins/boardmanager/
2022-10-31 14:39:58,278 [INFO] ApiDb:256 - Set plugin images path to: C:\ST\STM32CubeIDE_1.10.1\STM32CubeIDE\plugins\com.st.stm32cube.common.mx_6.6.1.202207061420\\db\/plugins/mcufinder/images/
2022-10-31 14:39:58,278 [WARN] DbFile:40 - Overriding database path with different value: C:\Users\deara\.stmcufinder\plugins\mcufinder/ => C:\Users\deara\.stmcufinder\plugins\mcufinder
2022-10-31 14:39:58,278 [INFO] ApiDb:249 - Set database path to: C:\Users\deara\.stmcufinder\plugins\mcufinder//mcu/
2022-10-31 14:39:58,279 [WARN] DbFile:40 - Overriding database path with different value: C:\Users\deara\.stmcufinder\plugins\mcufinder/ => C:\Users\deara\.stmcufinder\plugins\mcufinder
2022-10-31 14:39:58,279 [INFO] DbMcusAds:124 - Set database path to: C:\Users\deara\.stmcufinder\plugins\mcufinder//mcu/
2022-10-31 14:39:58,279 [WARN] DbFile:40 - Overriding database path with different value: C:\Users\deara\.stmcufinder\plugins\mcufinder/ => C:\Users\deara\.stmcufinder\plugins\mcufinder
2022-10-31 14:39:58,279 [WARN] DbFile:40 - Overriding database path with different value: C:\Users\deara\.stmcufinder\plugins\mcufinder/ => C:\Users\deara\.stmcufinder\plugins\mcufinder
2022-10-31 14:39:58,311 [INFO] CrossReferenceDbSqlite:201 - Set database path to: C:\Users\deara\.stmcufinder\plugins\mcufinder//mcu/cs/
2022-10-31 14:39:58,368 [INFO] MainPanel:242 - HeapMemory: 325058560
2022-10-31 14:39:58,427 [INFO] DbMcusXml:77 - Set database path to: C:\ST\STM32CubeIDE_1.10.1\STM32CubeIDE\plugins\com.st.stm32cube.common.mx_6.6.1.202207061420\\db\/mcu/
2022-10-31 14:39:58,432 [INFO] ApiDb:269 - Set plugin database path to: C:\ST\STM32CubeIDE_1.10.1\STM32CubeIDE\plugins\com.st.stm32cube.common.mx_6.6.1.202207061420\\db\/plugins/boardmanager/
2022-10-31 14:39:58,432 [INFO] ApiDb:256 - Set plugin images path to: C:\ST\STM32CubeIDE_1.10.1\STM32CubeIDE\plugins\com.st.stm32cube.common.mx_6.6.1.202207061420\\db\/plugins/mcufinder/images/
2022-10-31 14:39:58,432 [WARN] DbFile:40 - Overriding database path with different value: C:\Users\deara\.stmcufinder\plugins\mcufinder/ => C:\Users\deara\.stmcufinder\plugins\mcufinder
2022-10-31 14:39:58,432 [INFO] ApiDb:249 - Set database path to: C:\Users\deara\.stmcufinder\plugins\mcufinder//mcu/
2022-10-31 14:39:58,432 [WARN] DbFile:40 - Overriding database path with different value: C:\Users\deara\.stmcufinder\plugins\mcufinder/ => C:\Users\deara\.stmcufinder\plugins\mcufinder
2022-10-31 14:39:58,432 [INFO] DbMcusAds:124 - Set database path to: C:\Users\deara\.stmcufinder\plugins\mcufinder//mcu/
2022-10-31 14:39:58,432 [WARN] DbFile:40 - Overriding database path with different value: C:\Users\deara\.stmcufinder\plugins\mcufinder/ => C:\Users\deara\.stmcufinder\plugins\mcufinder
2022-10-31 14:39:58,432 [WARN] DbFile:40 - Overriding database path with different value: C:\Users\deara\.stmcufinder\plugins\mcufinder/ => C:\Users\deara\.stmcufinder\plugins\mcufinder
2022-10-31 14:39:58,481 [INFO] CrossReferenceDbSqlite:201 - Set database path to: C:\Users\deara\.stmcufinder\plugins\mcufinder//mcu/cs/
2022-10-31 14:39:58,499 [INFO] ApplicationProperties:181 - Using Application install path: C:\ST\STM32CubeIDE_1.10.1\STM32CubeIDE\plugins\com.st.stm32cube.common.mx_6.6.1.202207061420
2022-10-31 14:39:58,501 [INFO] PluginManage:193 - Search for loadable plugins [exclusion list=, ]
2022-10-31 14:39:58,502 [INFO] PluginManage:307 - Check plugin analytics
2022-10-31 14:39:59,358 [INFO] AnalyticsPlugin:262 - Accepted Software Licenses: 
2022-10-31 14:39:59,358 [INFO] AnalyticsPlugin:264 - Accepted CMSIS Pack Licenses: 
2022-10-31 14:39:59,358 [INFO] AnalyticsPlugin:266 - Accepted Firmware Licenses: 
2022-10-31 14:39:59,366 [INFO] PluginManage:356 - Loaded plugin analytics (category:tool,tabindex:-1)
2022-10-31 14:39:59,367 [INFO] PluginManage:307 - Check plugin cadmodel
2022-10-31 14:39:59,370 [INFO] CADModel:65 - Init CAD model plugin
2022-10-31 14:39:59,371 [INFO] PluginManage:356 - Loaded plugin cadmodel (category:power,tabindex:5)
2022-10-31 14:39:59,371 [INFO] PluginManage:307 - Check plugin clock
2022-10-31 14:39:59,379 [INFO] PluginManage:356 - Loaded plugin clock (category:base,tabindex:2)
2022-10-31 14:39:59,379 [INFO] PluginManage:307 - Check plugin ddr
2022-10-31 14:39:59,381 [INFO] PluginManage:356 - Loaded plugin ddr (category:tool,tabindex:6)
2022-10-31 14:39:59,381 [INFO] PluginManage:307 - Check plugin filemanager
2022-10-31 14:39:59,488 [INFO] PluginManage:356 - Loaded plugin filemanager (category:base,tabindex:10)
2022-10-31 14:39:59,489 [INFO] PluginManage:307 - Check plugin ipmanager
2022-10-31 14:39:59,495 [INFO] PluginManage:356 - Loaded plugin ipmanager (category:base,tabindex:5)
2022-10-31 14:39:59,495 [INFO] PluginManage:307 - Check plugin lpbam
2022-10-31 14:39:59,503 [INFO] PluginManage:356 - Loaded plugin lpbam (category:base,tabindex:0)
2022-10-31 14:39:59,503 [INFO] PluginManage:307 - Check plugin pinoutandconfiguration
2022-10-31 14:39:59,510 [INFO] PluginManage:356 - Loaded plugin pinoutandconfiguration (category:base,tabindex:1)
2022-10-31 14:39:59,510 [INFO] PluginManage:307 - Check plugin pinoutconfig
2022-10-31 14:39:59,534 [INFO] PluginManage:356 - Loaded plugin pinoutconfig (category:base,tabindex:0)
2022-10-31 14:39:59,534 [INFO] PluginManage:307 - Check plugin power
2022-10-31 14:39:59,549 [INFO] PluginManage:356 - Loaded plugin power (category:power,tabindex:4)
2022-10-31 14:39:59,550 [INFO] PluginManage:307 - Check plugin projectmanager
2022-10-31 14:39:59,564 [INFO] PluginManage:356 - Loaded plugin projectmanager (category:projectmanager,tabindex:3)
2022-10-31 14:39:59,564 [INFO] PluginManage:307 - Check plugin thirdparty
2022-10-31 14:39:59,650 [WARN] IntegrityCheckThread:82 - waiting for thirdparty lock release [integrity check]
2022-10-31 14:39:59,651 [INFO] PluginManage:356 - Loaded plugin thirdparty (category:base,tabindex:-1)
2022-10-31 14:39:59,652 [INFO] IntegrityCheckThread:84 - entering critical section [integrity check]
2022-10-31 14:39:59,652 [INFO] PluginManage:307 - Check plugin tools
2022-10-31 14:39:59,656 [INFO] ThirdPartyUpdaterWithRetryManager:70 - Updater plugin not ready yet. [1/15]
2022-10-31 14:39:59,656 [INFO] PluginManage:356 - Loaded plugin tools (category:base,tabindex:7)
2022-10-31 14:39:59,656 [INFO] PluginManage:307 - Check plugin tutovideos
2022-10-31 14:39:59,804 [INFO] PluginManage:356 - Loaded plugin tutovideos (category:base,tabindex:-1)
2022-10-31 14:39:59,804 [INFO] PluginManage:307 - Check plugin updater
2022-10-31 14:39:59,815 [INFO] PluginManage:356 - Loaded plugin updater (category:base,tabindex:12)
2022-10-31 14:39:59,815 [INFO] PluginManage:280 - PluginManage : Loaded plugins [15]
2022-10-31 14:39:59,990 [INFO] PinOutPanel:1468 - setPackage(No Configuration,No Configuration)
2022-10-31 14:40:00,045 [INFO] CADModel:98 - CPN selected for project level
2022-10-31 14:40:00,062 [INFO] IPUIPlugin:79 - create IPUIPlugin
2022-10-31 14:40:00,062 [INFO] PluginManager:217 - loadIPPluginJar : add adc
2022-10-31 14:40:00,064 [INFO] IPUIPlugin:79 - create IPUIPlugin
2022-10-31 14:40:00,064 [INFO] PluginManager:217 - loadIPPluginJar : add aes
2022-10-31 14:40:00,065 [INFO] IPUIPlugin:79 - create IPUIPlugin
2022-10-31 14:40:00,066 [INFO] PluginManager:217 - loadIPPluginJar : add can
2022-10-31 14:40:00,067 [INFO] IPUIPlugin:79 - create IPUIPlugin
2022-10-31 14:40:00,067 [INFO] PluginManager:217 - loadIPPluginJar : add comp
2022-10-31 14:40:00,069 [INFO] IPUIPlugin:79 - create IPUIPlugin
2022-10-31 14:40:00,069 [INFO] PluginManager:217 - loadIPPluginJar : add cryp
2022-10-31 14:40:00,071 [INFO] IPUIPlugin:79 - create IPUIPlugin
2022-10-31 14:40:00,071 [INFO] PluginManager:217 - loadIPPluginJar : add dfsdm
2022-10-31 14:40:00,071 [INFO] IPUIPlugin:79 - create IPUIPlugin
2022-10-31 14:40:00,077 [INFO] PluginManager:217 - loadIPPluginJar : add dma
2022-10-31 14:40:00,079 [INFO] IPUIPlugin:79 - create IPUIPlugin
2022-10-31 14:40:00,079 [INFO] PluginManager:217 - loadIPPluginJar : add dma3
2022-10-31 14:40:00,081 [INFO] IPUIPlugin:79 - create IPUIPlugin
2022-10-31 14:40:00,081 [INFO] PluginManager:217 - loadIPPluginJar : add fatfs
2022-10-31 14:40:00,083 [INFO] IPUIPlugin:79 - create IPUIPlugin
2022-10-31 14:40:00,083 [INFO] PluginManager:217 - loadIPPluginJar : add fmc
2022-10-31 14:40:00,083 [INFO] IPUIPlugin:79 - create IPUIPlugin
2022-10-31 14:40:00,083 [INFO] PluginManager:217 - loadIPPluginJar : add freertos
2022-10-31 14:40:00,083 [INFO] IPUIPlugin:79 - create IPUIPlugin
2022-10-31 14:40:00,083 [INFO] PluginManager:217 - loadIPPluginJar : add genericplugin
2022-10-31 14:40:00,083 [INFO] IPUIPlugin:79 - create IPUIPlugin
2022-10-31 14:40:00,092 [INFO] PluginManager:217 - loadIPPluginJar : add gfxmmu
2022-10-31 14:40:00,093 [INFO] IPUIPlugin:79 - create IPUIPlugin
2022-10-31 14:40:00,093 [INFO] PluginManager:217 - loadIPPluginJar : add gic
2022-10-31 14:40:00,093 [INFO] IPUIPlugin:79 - create IPUIPlugin
2022-10-31 14:40:00,093 [INFO] PluginManager:217 - loadIPPluginJar : add gpio
2022-10-31 14:40:00,093 [INFO] IPUIPlugin:79 - create IPUIPlugin
2022-10-31 14:40:00,093 [INFO] PluginManager:217 - loadIPPluginJar : add gtzc
2022-10-31 14:40:00,102 [INFO] IPUIPlugin:79 - create IPUIPlugin
2022-10-31 14:40:00,102 [INFO] PluginManager:217 - loadIPPluginJar : add hash
2022-10-31 14:40:00,104 [INFO] IPUIPlugin:79 - create IPUIPlugin
2022-10-31 14:40:00,104 [INFO] PluginManager:217 - loadIPPluginJar : add i2c
2022-10-31 14:40:00,107 [INFO] IPUIPlugin:79 - create IPUIPlugin
2022-10-31 14:40:00,107 [INFO] PluginManager:217 - loadIPPluginJar : add i2s
2022-10-31 14:40:00,109 [INFO] IPUIPlugin:79 - create IPUIPlugin
2022-10-31 14:40:00,109 [INFO] PluginManager:217 - loadIPPluginJar : add ipddr
2022-10-31 14:40:00,111 [INFO] IPUIPlugin:79 - create IPUIPlugin
2022-10-31 14:40:00,111 [INFO] PluginManager:217 - loadIPPluginJar : add linkedlist
2022-10-31 14:40:00,111 [INFO] IPUIPlugin:79 - create IPUIPlugin
2022-10-31 14:40:00,111 [INFO] PluginManager:217 - loadIPPluginJar : add lorawan
2022-10-31 14:40:00,117 [INFO] IPUIPlugin:79 - create IPUIPlugin
2022-10-31 14:40:00,117 [INFO] PluginManager:217 - loadIPPluginJar : add ltdc
2022-10-31 14:40:00,120 [INFO] IPUIPlugin:79 - create IPUIPlugin
2022-10-31 14:40:00,120 [INFO] PluginManager:217 - loadIPPluginJar : add mdma
2022-10-31 14:40:00,120 [INFO] IPUIPlugin:79 - create IPUIPlugin
2022-10-31 14:40:00,120 [INFO] PluginManager:217 - loadIPPluginJar : add nvic
2022-10-31 14:40:00,126 [INFO] IPUIPlugin:79 - create IPUIPlugin
2022-10-31 14:40:00,126 [INFO] PluginManager:217 - loadIPPluginJar : add opamp
2022-10-31 14:40:00,127 [INFO] IPUIPlugin:79 - create IPUIPlugin
2022-10-31 14:40:00,127 [INFO] PluginManager:217 - loadIPPluginJar : add openamp
2022-10-31 14:40:00,129 [INFO] IPUIPlugin:79 - create IPUIPlugin
2022-10-31 14:40:00,129 [INFO] PluginManager:217 - loadIPPluginJar : add pdm2pcm
2022-10-31 14:40:00,134 [INFO] IPUIPlugin:79 - create IPUIPlugin
2022-10-31 14:40:00,137 [INFO] PluginManager:217 - loadIPPluginJar : add plateformsettings
2022-10-31 14:40:00,137 [INFO] IPUIPlugin:79 - create IPUIPlugin
2022-10-31 14:40:00,137 [INFO] PluginManager:217 - loadIPPluginJar : add quadspi
2022-10-31 14:40:00,137 [INFO] IPUIPlugin:79 - create IPUIPlugin
2022-10-31 14:40:00,137 [INFO] PluginManager:217 - loadIPPluginJar : add resmgrutility
2022-10-31 14:40:00,137 [INFO] IPUIPlugin:79 - create IPUIPlugin
2022-10-31 14:40:00,137 [INFO] PluginManager:217 - loadIPPluginJar : add sai
2022-10-31 14:40:00,144 [INFO] IPUIPlugin:79 - create IPUIPlugin
2022-10-31 14:40:00,144 [INFO] PluginManager:217 - loadIPPluginJar : add spi
2022-10-31 14:40:00,145 [INFO] IPUIPlugin:79 - create IPUIPlugin
2022-10-31 14:40:00,145 [INFO] PluginManager:217 - loadIPPluginJar : add stm32_wpan
2022-10-31 14:40:00,148 [INFO] IPUIPlugin:79 - create IPUIPlugin
2022-10-31 14:40:00,148 [INFO] PluginManager:217 - loadIPPluginJar : add tim
2022-10-31 14:40:00,150 [INFO] IPUIPlugin:79 - create IPUIPlugin
2022-10-31 14:40:00,150 [INFO] PluginManager:217 - loadIPPluginJar : add touchsensing
2022-10-31 14:40:00,151 [INFO] IPUIPlugin:79 - create IPUIPlugin
2022-10-31 14:40:00,151 [INFO] PluginManager:217 - loadIPPluginJar : add tracer_emb
2022-10-31 14:40:00,152 [INFO] IPUIPlugin:79 - create IPUIPlugin
2022-10-31 14:40:00,152 [INFO] PluginManager:217 - loadIPPluginJar : add ts
2022-10-31 14:40:00,152 [INFO] IPUIPlugin:79 - create IPUIPlugin
2022-10-31 14:40:00,152 [INFO] PluginManager:217 - loadIPPluginJar : add tsc
2022-10-31 14:40:00,154 [INFO] IPUIPlugin:79 - create IPUIPlugin
2022-10-31 14:40:00,154 [INFO] PluginManager:217 - loadIPPluginJar : add ucpd
2022-10-31 14:40:00,155 [INFO] IPUIPlugin:79 - create IPUIPlugin
2022-10-31 14:40:00,155 [INFO] PluginManager:217 - loadIPPluginJar : add usart
2022-10-31 14:40:00,155 [INFO] IPUIPlugin:79 - create IPUIPlugin
2022-10-31 14:40:00,155 [INFO] PluginManager:217 - loadIPPluginJar : add usbx
2022-10-31 14:40:00,387 [FATAL] Updater:301 - Updater called before beeing initialized
2022-10-31 14:40:00,490 [FATAL] Updater:301 - Updater called before beeing initialized
2022-10-31 14:40:00,496 [INFO] DbMcusAds:52 - JSON generation date=Thu Sep 30 13:56:37 ICT 2021 (1632984997303)
2022-10-31 14:40:00,496 [FATAL] Updater:301 - Updater called before beeing initialized
2022-10-31 14:40:00,522 [WARN] DetailPanel:344 - Failed to get advertising image, set to default
2022-10-31 14:40:00,617 [FATAL] Updater:301 - Updater called before beeing initialized
2022-10-31 14:40:00,620 [FATAL] Updater:301 - Updater called before beeing initialized
2022-10-31 14:40:00,621 [FATAL] Updater:301 - Updater called before beeing initialized
2022-10-31 14:40:00,621 [WARN] DetailPanel:344 - Failed to get advertising image, set to default
2022-10-31 14:40:00,621 [FATAL] Updater:301 - Updater called before beeing initialized
2022-10-31 14:40:00,660 [ERROR] Updater:1105 - MainUpdater not yet initialized. External WinMGr cannot be set.
2022-10-31 14:40:00,662 [INFO] Updater:1041 - Updater Version found : 6.6.1
2022-10-31 14:40:00,687 [INFO] ApplicationProperties:181 - Using Application install path: C:\ST\STM32CubeIDE_1.10.1\STM32CubeIDE\plugins\com.st.stm32cube.common.mx_6.6.1.202207061420
2022-10-31 14:40:01,187 [INFO] MainUpdater:2768 - connection check result : 10
2022-10-31 14:40:01,188 [INFO] MainUpdater:280 - Updater Check For Update Now.
2022-10-31 14:40:01,188 [INFO] MicroXplorer:481 - Change Database Version : DB.6.0.60
2022-10-31 14:40:01,338 [INFO] CheckServerUpdateThread:119 - End of CheckServer Thread
2022-10-31 14:40:01,398 [INFO] MainUpdater:2768 - connection check result : 10
2022-10-31 14:40:01,401 [INFO] McuFinderGlobals:57 - Set McuFinderConnectedMode to true
2022-10-31 14:40:02,431 [INFO] ServerAccessManage:474 - Download File mcusAds.json._tmp_
2022-10-31 14:40:02,545 [INFO] LoadUrlFilesThread:150 - End of LoadUrlFiles Thread
2022-10-31 14:40:02,658 [INFO] ServerAccessManage:474 - Download File cube-finder-db.zip
2022-10-31 14:40:02,671 [WARN] MainUpdater:1184 - Updater busy. Cannot search thirdparties
2022-10-31 14:40:02,671 [INFO] ThirdPartyUpdaterWithRetryManager:96 - Updater plugin is busy. [1/15]
2022-10-31 14:40:05,678 [WARN] MainUpdater:1184 - Updater busy. Cannot search thirdparties
2022-10-31 14:40:05,678 [INFO] ThirdPartyUpdaterWithRetryManager:96 - Updater plugin is busy. [2/15]
2022-10-31 14:40:08,681 [WARN] MainUpdater:1184 - Updater busy. Cannot search thirdparties
2022-10-31 14:40:08,681 [INFO] ThirdPartyUpdaterWithRetryManager:96 - Updater plugin is busy. [3/15]
2022-10-31 14:40:11,684 [WARN] MainUpdater:1184 - Updater busy. Cannot search thirdparties
2022-10-31 14:40:11,684 [INFO] ThirdPartyUpdaterWithRetryManager:96 - Updater plugin is busy. [4/15]
2022-10-31 14:40:14,698 [WARN] MainUpdater:1184 - Updater busy. Cannot search thirdparties
2022-10-31 14:40:14,698 [INFO] ThirdPartyUpdaterWithRetryManager:96 - Updater plugin is busy. [5/15]
2022-10-31 14:40:17,700 [WARN] MainUpdater:1184 - Updater busy. Cannot search thirdparties
2022-10-31 14:40:17,700 [INFO] ThirdPartyUpdaterWithRetryManager:96 - Updater plugin is busy. [6/15]
2022-10-31 14:40:20,704 [WARN] MainUpdater:1184 - Updater busy. Cannot search thirdparties
2022-10-31 14:40:20,704 [INFO] ThirdPartyUpdaterWithRetryManager:96 - Updater plugin is busy. [7/15]
2022-10-31 14:40:23,710 [WARN] MainUpdater:1184 - Updater busy. Cannot search thirdparties
2022-10-31 14:40:23,710 [INFO] ThirdPartyUpdaterWithRetryManager:96 - Updater plugin is busy. [8/15]
2022-10-31 14:40:26,731 [WARN] MainUpdater:1184 - Updater busy. Cannot search thirdparties
2022-10-31 14:40:26,731 [INFO] ThirdPartyUpdaterWithRetryManager:96 - Updater plugin is busy. [9/15]
2022-10-31 14:40:29,744 [WARN] MainUpdater:1184 - Updater busy. Cannot search thirdparties
2022-10-31 14:40:29,744 [INFO] ThirdPartyUpdaterWithRetryManager:96 - Updater plugin is busy. [10/15]
2022-10-31 14:40:32,750 [WARN] MainUpdater:1184 - Updater busy. Cannot search thirdparties
2022-10-31 14:40:32,750 [INFO] ThirdPartyUpdaterWithRetryManager:96 - Updater plugin is busy. [11/15]
2022-10-31 14:40:35,762 [WARN] MainUpdater:1184 - Updater busy. Cannot search thirdparties
2022-10-31 14:40:35,762 [INFO] ThirdPartyUpdaterWithRetryManager:96 - Updater plugin is busy. [12/15]
2022-10-31 14:40:38,777 [WARN] MainUpdater:1184 - Updater busy. Cannot search thirdparties
2022-10-31 14:40:38,777 [INFO] ThirdPartyUpdaterWithRetryManager:96 - Updater plugin is busy. [13/15]
2022-10-31 14:40:41,783 [WARN] MainUpdater:1184 - Updater busy. Cannot search thirdparties
2022-10-31 14:40:41,783 [INFO] ThirdPartyUpdaterWithRetryManager:96 - Updater plugin is busy. [14/15]
2022-10-31 14:40:44,793 [WARN] MainUpdater:1184 - Updater busy. Cannot search thirdparties
2022-10-31 14:40:44,793 [INFO] ThirdPartyUpdaterWithRetryManager:96 - Updater plugin is busy. [15/15]
2022-10-31 14:40:44,794 [ERROR] IntegrityCheckThread:128 - Cannot retrieve database content from updater: error -1
2022-10-31 14:40:44,794 [INFO] ThirdParty:929 - Integrity check success = false
2022-10-31 14:40:44,795 [INFO] IntegrityCheckThread:98 - exiting critical section [integrity check]
2022-10-31 14:40:44,795 [INFO] IntegrityCheckThread:101 - End integrity checks thread
2022-10-31 14:42:48,951 [INFO] FileExtend:239 - Unzip File : cube-finder-db.zip
2022-10-31 14:42:48,951 [INFO] FileExtend:254 - Standard Zip Deflate
2022-10-31 14:42:49,406 [INFO] LoadUrlFilesThread:150 - End of LoadUrlFiles Thread
2022-10-31 14:42:54,171 [INFO] ServerAccessManage:474 - Download File crdb.zip
2022-10-31 14:43:08,715 [INFO] FileExtend:239 - Unzip File : crdb.zip
2022-10-31 14:43:08,715 [INFO] FileExtend:254 - Standard Zip Deflate
2022-10-31 14:43:08,839 [INFO] LoadUrlFilesThread:150 - End of LoadUrlFiles Thread
2022-10-31 14:43:10,217 [INFO] ServerAccessManage:474 - Download File tutoVideoDB.zip
2022-10-31 14:43:10,592 [INFO] FileExtend:239 - Unzip File : tutoVideoDB.zip
2022-10-31 14:43:10,592 [INFO] FileExtend:254 - Standard Zip Deflate
2022-10-31 14:43:10,705 [INFO] LoadUrlFilesThread:150 - End of LoadUrlFiles Thread
2022-10-31 14:43:10,714 [INFO] JxBrowserEngine:106 - Initiate JxBrowser Engine with user profile folder
2022-10-31 14:43:10,865 [ERROR] JxBrowserEngine:59 - Can't initiate JxBrowser engine com.teamdev.jxbrowser.engine.ChromiumBinariesExtractionException: Failed to extract Chromium binaries into C:\Users\deara\.stm32cubemx\.jxbrowser\Chromium
2022-10-31 14:43:10,865 [WARN] DbFile:40 - Overriding database path with different value: C:\Users\deara\.stmcufinder\plugins\mcufinder/ => C:\Users\deara\.stmcufinder\plugins\mcufinder
2022-10-31 14:43:10,965 [INFO] ServerAccessManage:474 - Download File api_config.json
2022-10-31 14:43:11,072 [INFO] LoadUrlFilesThread:150 - End of LoadUrlFiles Thread
2022-10-31 14:43:11,073 [INFO] DbMcusAds:52 - JSON generation date=Thu Sep 30 13:56:37 ICT 2021 (1632984997303)
2022-10-31 14:43:11,093 [INFO] LoadUrlFilesThread:177 - End of LoadServerUrlFiles without Thread
2022-10-31 14:43:11,093 [INFO] TargetSelectorAdapter:228 - Refresh data is successful
2022-10-31 14:43:11,188 [INFO] ApiDb:576 - Connected to CubeFinder SQLite database (C:\Users\deara\.stmcufinder\plugins\mcufinder\mcu\cube-finder-db.db)
2022-10-31 14:43:11,215 [INFO] ApiDb:663 - CubeFinder database Data Model version=2.1
2022-10-31 14:43:11,216 [INFO] ApiDb:664 - CubeFinder database Configuration version=3.0.32
2022-10-31 14:43:11,216 [INFO] ApiDb:665 - CubeFinder database generation date=2022-08-05 (1659688109)
2022-10-31 14:43:11,216 [INFO] ApiDb:666 - CubeFinder database FW Pack versions=[STM32Cube_FW_C0_V1.0.0, STM32Cube_FW_F4_V1.27.1, STM32Cube_FW_F7_V1.17.0, STM32Cube_FW_G0_V1.6.1, STM32Cube_FW_G4_V1.5.0, STM32Cube_FW_H7_V1.10.0, STM32Cube_FW_L5_V1.4.0, STM32Cube_FW_U5_V1.1.1, STM32Cube_FW_WB_V1.14.1, STM32Cube_FW_WL_V1.2.0, X-CUBE-ALGOBUILD_V1.3.0, X-CUBE-ALS_V1.0.1, X-CUBE-AZRTOS-F4_V1.1.0, X-CUBE-AZRTOS-F7_V1.1.0, X-CUBE-AZRTOS-G0_V1.1.0, X-CUBE-AZRTOS-G4_V1.0.0, X-CUBE-AZRTOS-H7_V2.1.0, X-CUBE-AZRTOS-L4_V1.0.0, X-CUBE-AZRTOS-L5_V1.0.0, X-CUBE-AZRTOS-WL_V1.0.0, X-CUBE-BLE1_V6.2.3, X-CUBE-BLE2_V3.3.0, X-CUBE-EEPRMA1_V3.1.1, X-CUBE-GNSS1_V6.0.0, X-CUBE-MEMS1_V9.1.0, X-CUBE-MEMS1_V9.3.0, X-CUBE-NFC4_V2.0.4, X-CUBE-NFC7_V1.0.0, X-CUBE-SFXS2LP1_V4.0.0, X-CUBE-SUBG2_V5.0.0]
2022-10-31 14:43:12,689 [INFO] ApiDb:239 - Found 138 in-development CPN: [B-WB1M-WPAN1, NUCLEO-C031C6, STEVAL-STWINBX1, STM320518-EVAL, STM32C0116-DK, STM32C011D6Y3TR, STM32C011D6Y6TR, STM32C011F4P3, STM32C011F4P6, STM32C011F4U3, STM32C011F4U6TR, STM32C011F6P3, STM32C011F6P6, STM32C011F6U3, STM32C011F6U6TR, STM32C011J4M3, STM32C011J4M6, STM32C011J6M3, STM32C011J6M6, STM32C0316-DK, STM32C031C4T3, STM32C031C4T6, STM32C031C4U3, STM32C031C4U6, STM32C031C6T3, STM32C031C6T6, STM32C031C6U3, STM32C031C6U6, STM32C031F4P3, STM32C031F4P6, STM32C031F6P3, STM32C031F6P6, STM32C031G4U3, STM32C031G4U6, STM32C031G6U3, STM32C031G6U6, STM32C031K4T3, STM32C031K4T6, STM32C031K4U3, STM32C031K4U6, STM32C031K6T3, STM32C031K6T6, STM32C031K6U3, STM32C031K6U6, STM32G071K8TXN, STM32G071K8UXN, STM32G081GBU6N, STM32G081KBT6N, STM32G081KBUXN, STM32G0B1CCT6N, STM32G0B1KCT6, STM32G0B1NEY6TR, STM32G0B1RCT6N, STM32G0C1CCT6, STM32G0C1CCT6N, STM32G0C1CCU6N, STM32G0C1CET6N, STM32G0C1CEU6N, STM32G0C1KCT6, STM32G0C1NEY6TR, STM32G0C1RCI6N, STM32G0C1RCT6N, STM32G0C1REI6N, STM32G0C1RET6N, STM32G0C1VCI6, STM32G0C1VEI6, STM32G471CCT6, STM32G471CCU6, STM32G471CET3, STM32G471CET6, STM32G471CEU3, STM32G471CEU6, STM32G471MCT6, STM32G471MET3, STM32G471MET6, STM32G471MEY6TR, STM32G471QCT6, STM32G471QET3, STM32G471RCT6, STM32G471RET3, STM32G471RET6, STM32G471VCH6, STM32G471VCI6, STM32G471VCT6, STM32G471VEH3, STM32G471VEH6, STM32G471VEI3, STM32G471VEI6, STM32G471VET3, STM32G471VET6, STM32G474CCT6, STM32L476VGY6PTR, STM32L4R5QGI6STR, STM32MP131AAE3, STM32MP131AAF3, STM32MP131AAG3, STM32MP131CAE3, STM32MP131CAF3, STM32MP131CAG3, STM32MP131DAE7, STM32MP131DAF7, STM32MP131DAG7, STM32MP131FAE7, STM32MP131FAF7, STM32MP131FAG7, STM32MP133AAE3, STM32MP133AAF3, STM32MP133AAG3, STM32MP133CAE3, STM32MP133CAF3, STM32MP133CAG3, STM32MP133DAE7, STM32MP133DAF7, STM32MP133DAG7, STM32MP133FAE7, STM32MP133FAF7, STM32MP133FAG7, STM32MP135AAE3, STM32MP135AAF3, STM32MP135AAG3, STM32MP135CAE3, STM32MP135CAF3, STM32MP135CAG3, STM32MP135DAE7, STM32MP135DAF7, STM32MP135DAG7, STM32MP135F-DK, STM32MP135FAE7, STM32MP135FAF7, STM32MP135FAG7, STM32U595ZJT6Q, STM32U599BJY6QTR, STM32U599NIH6Q, STM32U599NJH6Q, STM32U5A5ZJT6Q, STM32U5A9BJY6QTR, STM32U5A9NJH6Q, STM32WB1MMCH6]
2022-10-31 14:43:12,692 [INFO] DbMcus:215 - Found 3542 MCUs, 3542 are supported
2022-10-31 14:43:12,702 [INFO] ApiDb:418 - Load user favorites file C:\Users\deara/.stm32cubeide/favorites.mcus.txt: 0 item(s)
2022-10-31 14:43:12,703 [INFO] ApiDb:422 - User favorites MCUs=[]
2022-10-31 14:43:12,703 [INFO] DbMcus:221 - Set 0 / 0 favorites MCUs
2022-10-31 14:43:12,706 [INFO] ApiDb:663 - CubeFinder database Data Model version=2.1
2022-10-31 14:43:12,706 [INFO] ApiDb:664 - CubeFinder database Configuration version=3.0.32
2022-10-31 14:43:12,706 [INFO] ApiDb:665 - CubeFinder database generation date=2022-08-05 (1659688109)
2022-10-31 14:43:12,707 [INFO] ApiDb:666 - CubeFinder database FW Pack versions=[STM32Cube_FW_C0_V1.0.0, STM32Cube_FW_F4_V1.27.1, STM32Cube_FW_F7_V1.17.0, STM32Cube_FW_G0_V1.6.1, STM32Cube_FW_G4_V1.5.0, STM32Cube_FW_H7_V1.10.0, STM32Cube_FW_L5_V1.4.0, STM32Cube_FW_U5_V1.1.1, STM32Cube_FW_WB_V1.14.1, STM32Cube_FW_WL_V1.2.0, X-CUBE-ALGOBUILD_V1.3.0, X-CUBE-ALS_V1.0.1, X-CUBE-AZRTOS-F4_V1.1.0, X-CUBE-AZRTOS-F7_V1.1.0, X-CUBE-AZRTOS-G0_V1.1.0, X-CUBE-AZRTOS-G4_V1.0.0, X-CUBE-AZRTOS-H7_V2.1.0, X-CUBE-AZRTOS-L4_V1.0.0, X-CUBE-AZRTOS-L5_V1.0.0, X-CUBE-AZRTOS-WL_V1.0.0, X-CUBE-BLE1_V6.2.3, X-CUBE-BLE2_V3.3.0, X-CUBE-EEPRMA1_V3.1.1, X-CUBE-GNSS1_V6.0.0, X-CUBE-MEMS1_V9.1.0, X-CUBE-MEMS1_V9.3.0, X-CUBE-NFC4_V2.0.4, X-CUBE-NFC7_V1.0.0, X-CUBE-SFXS2LP1_V4.0.0, X-CUBE-SUBG2_V5.0.0]
2022-10-31 14:43:12,747 [INFO] DbBoardsSqlite:227 - include board P-NUCLEO-WB55-NUCLEO as a kit item of type 'Nucleo-64'
2022-10-31 14:43:12,747 [INFO] DbBoardsSqlite:227 - include board P-NUCLEO-WB55-USBDONGLE as a kit item of type 'Nucleo USB Dongle'
2022-10-31 14:43:12,747 [INFO] DbBoardsSqlite:227 - include board STEVAL-IDP005V1 as a kit item of type 'Evaluation Board'
2022-10-31 14:43:12,747 [INFO] DbBoardsSqlite:227 - include board STEVAL-IDP005V2 as a kit item of type 'Evaluation Board'
2022-10-31 14:43:12,751 [INFO] ApiDb:239 - Found 138 in-development CPN: [B-WB1M-WPAN1, NUCLEO-C031C6, STEVAL-STWINBX1, STM320518-EVAL, STM32C0116-DK, STM32C011D6Y3TR, STM32C011D6Y6TR, STM32C011F4P3, STM32C011F4P6, STM32C011F4U3, STM32C011F4U6TR, STM32C011F6P3, STM32C011F6P6, STM32C011F6U3, STM32C011F6U6TR, STM32C011J4M3, STM32C011J4M6, STM32C011J6M3, STM32C011J6M6, STM32C0316-DK, STM32C031C4T3, STM32C031C4T6, STM32C031C4U3, STM32C031C4U6, STM32C031C6T3, STM32C031C6T6, STM32C031C6U3, STM32C031C6U6, STM32C031F4P3, STM32C031F4P6, STM32C031F6P3, STM32C031F6P6, STM32C031G4U3, STM32C031G4U6, STM32C031G6U3, STM32C031G6U6, STM32C031K4T3, STM32C031K4T6, STM32C031K4U3, STM32C031K4U6, STM32C031K6T3, STM32C031K6T6, STM32C031K6U3, STM32C031K6U6, STM32G071K8TXN, STM32G071K8UXN, STM32G081GBU6N, STM32G081KBT6N, STM32G081KBUXN, STM32G0B1CCT6N, STM32G0B1KCT6, STM32G0B1NEY6TR, STM32G0B1RCT6N, STM32G0C1CCT6, STM32G0C1CCT6N, STM32G0C1CCU6N, STM32G0C1CET6N, STM32G0C1CEU6N, STM32G0C1KCT6, STM32G0C1NEY6TR, STM32G0C1RCI6N, STM32G0C1RCT6N, STM32G0C1REI6N, STM32G0C1RET6N, STM32G0C1VCI6, STM32G0C1VEI6, STM32G471CCT6, STM32G471CCU6, STM32G471CET3, STM32G471CET6, STM32G471CEU3, STM32G471CEU6, STM32G471MCT6, STM32G471MET3, STM32G471MET6, STM32G471MEY6TR, STM32G471QCT6, STM32G471QET3, STM32G471RCT6, STM32G471RET3, STM32G471RET6, STM32G471VCH6, STM32G471VCI6, STM32G471VCT6, STM32G471VEH3, STM32G471VEH6, STM32G471VEI3, STM32G471VEI6, STM32G471VET3, STM32G471VET6, STM32G474CCT6, STM32L476VGY6PTR, STM32L4R5QGI6STR, STM32MP131AAE3, STM32MP131AAF3, STM32MP131AAG3, STM32MP131CAE3, STM32MP131CAF3, STM32MP131CAG3, STM32MP131DAE7, STM32MP131DAF7, STM32MP131DAG7, STM32MP131FAE7, STM32MP131FAF7, STM32MP131FAG7, STM32MP133AAE3, STM32MP133AAF3, STM32MP133AAG3, STM32MP133CAE3, STM32MP133CAF3, STM32MP133CAG3, STM32MP133DAE7, STM32MP133DAF7, STM32MP133DAG7, STM32MP133FAE7, STM32MP133FAF7, STM32MP133FAG7, STM32MP135AAE3, STM32MP135AAF3, STM32MP135AAG3, STM32MP135CAE3, STM32MP135CAF3, STM32MP135CAG3, STM32MP135DAE7, STM32MP135DAF7, STM32MP135DAG7, STM32MP135F-DK, STM32MP135FAE7, STM32MP135FAF7, STM32MP135FAG7, STM32U595ZJT6Q, STM32U599BJY6QTR, STM32U599NIH6Q, STM32U599NJH6Q, STM32U5A5ZJT6Q, STM32U5A9BJY6QTR, STM32U5A9NJH6Q, STM32WB1MMCH6]
2022-10-31 14:43:12,834 [INFO] BoardInfo:879 - No configuration file found for board P-NUCLEO-WB55
2022-10-31 14:43:12,834 [INFO] DbBoards:156 - Kit is not supported: P-NUCLEO-WB55
2022-10-31 14:43:12,848 [INFO] BoardInfo:879 - No configuration file found for board STEVAL-BFA001V1B
2022-10-31 14:43:12,848 [INFO] DbBoards:156 - Kit is not supported: STEVAL-BFA001V1B
2022-10-31 14:43:12,848 [INFO] BoardInfo:879 - No configuration file found for board STEVAL-BFA001V2B
2022-10-31 14:43:12,848 [INFO] DbBoards:156 - Kit is not supported: STEVAL-BFA001V2B
2022-10-31 14:43:12,966 [INFO] DbBoards:160 - Found 176 boards, 173 are supported
2022-10-31 14:43:12,980 [INFO] ApiDb:418 - Load user favorites file C:\Users\deara/.stm32cubeide/favorites.boards.txt: 0 item(s)
2022-10-31 14:43:12,980 [INFO] ApiDb:422 - User favorites Boards=[]
2022-10-31 14:43:12,980 [INFO] DbBoards:189 - Set 0 / 0 favorites Boards
2022-10-31 14:43:12,982 [INFO] ApiDb:663 - CubeFinder database Data Model version=2.1
2022-10-31 14:43:12,982 [INFO] ApiDb:664 - CubeFinder database Configuration version=3.0.32
2022-10-31 14:43:12,982 [INFO] ApiDb:665 - CubeFinder database generation date=2022-08-05 (1659688109)
2022-10-31 14:43:12,982 [INFO] ApiDb:666 - CubeFinder database FW Pack versions=[STM32Cube_FW_C0_V1.0.0, STM32Cube_FW_F4_V1.27.1, STM32Cube_FW_F7_V1.17.0, STM32Cube_FW_G0_V1.6.1, STM32Cube_FW_G4_V1.5.0, STM32Cube_FW_H7_V1.10.0, STM32Cube_FW_L5_V1.4.0, STM32Cube_FW_U5_V1.1.1, STM32Cube_FW_WB_V1.14.1, STM32Cube_FW_WL_V1.2.0, X-CUBE-ALGOBUILD_V1.3.0, X-CUBE-ALS_V1.0.1, X-CUBE-AZRTOS-F4_V1.1.0, X-CUBE-AZRTOS-F7_V1.1.0, X-CUBE-AZRTOS-G0_V1.1.0, X-CUBE-AZRTOS-G4_V1.0.0, X-CUBE-AZRTOS-H7_V2.1.0, X-CUBE-AZRTOS-L4_V1.0.0, X-CUBE-AZRTOS-L5_V1.0.0, X-CUBE-AZRTOS-WL_V1.0.0, X-CUBE-BLE1_V6.2.3, X-CUBE-BLE2_V3.3.0, X-CUBE-EEPRMA1_V3.1.1, X-CUBE-GNSS1_V6.0.0, X-CUBE-MEMS1_V9.1.0, X-CUBE-MEMS1_V9.3.0, X-CUBE-NFC4_V2.0.4, X-CUBE-NFC7_V1.0.0, X-CUBE-SFXS2LP1_V4.0.0, X-CUBE-SUBG2_V5.0.0]
2022-10-31 14:43:13,597 [INFO] DbExamplesSqlite:374 - Ignored 31 examples not supported by CubeIDE
2022-10-31 14:43:13,597 [INFO] DbExamplesSqlite:375 - Found 6197 examples active
2022-10-31 14:43:13,597 [INFO] DbExamplesSqlite:376 - Found 89 examples obsolete
2022-10-31 14:43:13,597 [INFO] DbExamplesSqlite:377 - Found 0 examples under development
2022-10-31 14:43:13,597 [INFO] DbExamplesSqlite:378 - Found 76 examples not building
2022-10-31 14:43:13,597 [INFO] DbExamples:124 - Found 6242 examples
2022-10-31 14:43:13,614 [INFO] DbExamples:221 - Found 77 boards with related examples
2022-10-31 14:43:13,616 [INFO] DbExamples:234 - Found 64 MCUs with related examples
2022-10-31 14:43:13,632 [INFO] ApiDb:418 - Load user favorites file C:\Users\deara/.stm32cubeide/favorites.examples.txt: 0 item(s)
2022-10-31 14:43:13,632 [INFO] ApiDb:422 - User favorites Examples=[]
2022-10-31 14:43:13,634 [INFO] DbExamples:249 - Set 0 / 0 favorites Examples
2022-10-31 14:43:13,741 [INFO] McuFinderGlobals:57 - Set McuFinderConnectedMode to true
2022-10-31 14:43:13,748 [INFO] MultiScanPanel:195 - Auto-refresh data requested => check proxy status ongoing
2022-10-31 14:43:13,753 [INFO] FinderPluginLoader:92 - Searching for filters in installed packs
2022-10-31 14:43:14,693 [INFO] LoadUrlFilesThread:177 - End of LoadServerUrlFiles without Thread
2022-10-31 14:43:14,699 [INFO] DetailPanel:339 - Set advertising image to C:/Users/deara/STM32Cube/Repository/\en.Prom_NBSTM32U50921.jpg
2022-10-31 14:44:00,444 [INFO] MainUpdater:2768 - connection check result : 10
2022-10-31 14:44:00,445 [INFO] MainUpdater:2768 - connection check result : 10
2022-10-31 14:44:00,457 [INFO] MicroXplorer:451 - Change Database Path : 
2022-10-31 14:44:00,457 [INFO] MicroXplorer:481 - Change Database Version : DB.6.0.60
2022-10-31 14:44:00,457 [WARN] ThirdParty:827 - waiting for thirdparty lock release [close project]
2022-10-31 14:44:00,457 [INFO] ThirdParty:829 - entering critical section [close project]
2022-10-31 14:44:00,458 [INFO] ThirdParty:839 - exiting critical section [close project]
2022-10-31 14:44:00,462 [INFO] PinOutPanel:1468 - setPackage(No Configuration,No Configuration)
2022-10-31 14:44:00,467 [INFO] UtilMem:74 - Begin LoadConfig() Used Memory: 508306904 Bytes (631242752)
2022-10-31 14:44:00,468 [INFO] MicroXplorer:451 - Change Database Path : 
2022-10-31 14:44:00,468 [INFO] MicroXplorer:481 - Change Database Version : DB.6.0.60
2022-10-31 14:44:00,468 [INFO] OpenFileManager:307 - Change cursor
2022-10-31 14:44:00,481 [WARN] IntegrityCheckThread:82 - waiting for thirdparty lock release [integrity check]
2022-10-31 14:44:00,481 [INFO] IntegrityCheckThread:84 - entering critical section [integrity check]
2022-10-31 14:44:00,598 [WARN] PackLoader:242 - Cannot read IP mode file for STMicroelectronics.X-CUBE-GNSS1.6.0.0
2022-10-31 14:44:00,623 [WARN] PackLoader:242 - Cannot read IP mode file for STMicroelectronics.X-CUBE-AZRTOS-F4.1.1.0
2022-10-31 14:44:00,635 [WARN] PackLoader:242 - Cannot read IP mode file for STMicroelectronics.X-CUBE-BLEMGR.1.2.0
2022-10-31 14:44:00,654 [WARN] PackLoader:242 - Cannot read IP mode file for STMicroelectronics.X-CUBE-AZRTOS-F7.1.1.0
2022-10-31 14:44:00,662 [WARN] PackLoader:242 - Cannot read IP mode file for STMicroelectronics.X-CUBE-BLE1.6.2.3
2022-10-31 14:44:00,667 [WARN] PackLoader:242 - Cannot read IP mode file for STMicroelectronics.X-CUBE-NFC4.2.0.4
2022-10-31 14:44:00,675 [WARN] PackLoader:242 - Cannot read IP mode file for STMicroelectronics.X-CUBE-TOF1.3.1.0
2022-10-31 14:44:00,685 [WARN] PackLoader:242 - Cannot read IP mode file for wolfSSL.I-CUBE-wolfSSL.5.5.0
2022-10-31 14:44:00,690 [WARN] PackLoader:242 - Cannot read IP mode file for STMicroelectronics.X-CUBE-NFC7.1.0.0
2022-10-31 14:44:00,740 [WARN] PackLoader:242 - Cannot read IP mode file for STMicroelectronics.X-CUBE-MEMS1.9.3.0
2022-10-31 14:44:00,850 [WARN] PackLoader:242 - Cannot read IP mode file for STMicroelectronics.X-CUBE-AI.7.2.0
2022-10-31 14:44:00,857 [WARN] PackLoader:242 - Cannot read IP mode file for STMicroelectronics.X-CUBE-SFXS2LP1.4.0.0
2022-10-31 14:44:00,864 [WARN] PackLoader:242 - Cannot read IP mode file for STMicroelectronics.X-CUBE-BLE2.3.3.0
2022-10-31 14:44:00,872 [WARN] PackLoader:242 - Cannot read IP mode file for STMicroelectronics.X-CUBE-DISPLAY.2.2.0
2022-10-31 14:44:00,880 [WARN] PackLoader:242 - Cannot read IP mode file for STMicroelectronics.X-CUBE-TOF1.3.2.0
2022-10-31 14:44:00,889 [WARN] PackLoader:242 - Cannot read IP mode file for STMicroelectronics.X-CUBE-ISPU.1.0.0
2022-10-31 14:44:00,904 [WARN] PackLoader:242 - Cannot read IP mode file for RoweBots.I-CUBE-UNISONRTOS.5.5.0-4
2022-10-31 14:44:00,922 [WARN] PackLoader:242 - Cannot read IP mode file for STMicroelectronics.X-CUBE-AZRTOS-H7.2.1.0
2022-10-31 14:44:00,945 [WARN] PackLoader:242 - Cannot read IP mode file for STMicroelectronics.X-CUBE-BLEMGR.1.0.0
2022-10-31 14:44:00,952 [WARN] PackLoader:242 - Cannot read IP mode file for STMicroelectronics.X-CUBE-ALGOBUILD.1.3.0
2022-10-31 14:44:00,962 [WARN] PackLoader:242 - Cannot read IP mode file for STMicroelectronics.X-CUBE-AZRTOS-G0.1.1.0
2022-10-31 14:44:00,970 [WARN] PackLoader:242 - Cannot read IP mode file for STMicroelectronics.X-CUBE-SUBG2.5.0.0
2022-10-31 14:44:01,010 [WARN] PackLoader:242 - Cannot read IP mode file for SEGGER.I-CUBE-embOS.1.2.1
2022-10-31 14:44:01,034 [WARN] PackLoader:242 - Cannot read IP mode file for STMicroelectronics.FP-ATR-ASTRA1.1.1.1
2022-10-31 14:44:01,041 [WARN] PackLoader:242 - Cannot read IP mode file for STMicroelectronics.X-CUBE-AZRTOS-G4.1.0.0
2022-10-31 14:44:01,045 [WARN] PackLoader:242 - Cannot read IP mode file for STMicroelectronics.FP-ATR-SIGFOX1.3.2.0
2022-10-31 14:44:01,055 [WARN] PackLoader:242 - Cannot read IP mode file for STMicroelectronics.X-CUBE-AZRTOS-L4.1.0.0
2022-10-31 14:44:01,061 [WARN] PackLoader:242 - Cannot read IP mode file for emotas.I-CUBE-CANOPEN.1.1.2
2022-10-31 14:44:01,065 [WARN] PackLoader:242 - Cannot read IP mode file for STMicroelectronics.X-CUBE-TOUCHGFX.4.20.0
2022-10-31 14:44:01,071 [WARN] PackLoader:242 - Cannot read IP mode file for STMicroelectronics.X-CUBE-AZRTOS-WL.1.0.0
2022-10-31 14:44:01,076 [WARN] PackLoader:242 - Cannot read IP mode file for portGmbH.I-Cube-SoM-uGOAL.1.1.0
2022-10-31 14:44:01,079 [WARN] PackLoader:242 - Cannot read IP mode file for STMicroelectronics.X-CUBE-ALS.1.0.1
2022-10-31 14:44:01,090 [WARN] PackLoader:242 - Cannot read IP mode file for STMicroelectronics.X-CUBE-AZRTOS-L5.1.0.0
2022-10-31 14:44:01,097 [WARN] PackLoader:242 - Cannot read IP mode file for STMicroelectronics.X-CUBE-EEPRMA1.3.1.1
2022-10-31 14:44:01,098 [INFO] ThirdParty:929 - Integrity check success = true
2022-10-31 14:44:01,098 [INFO] IntegrityCheckThread:98 - exiting critical section [integrity check]
2022-10-31 14:44:01,098 [INFO] IntegrityCheckThread:101 - End integrity checks thread
2022-10-31 14:44:01,111 [INFO] Mcu:1922 - Initializing MCU STM32WL55JCIx STM32WL55JCIx STM32WL55JCI6
2022-10-31 14:44:01,925 [INFO] Context:654 - Trying to add GPIOservice into a context  which must be forbidden
2022-10-31 14:44:01,925 [INFO] Context:654 - Trying to add GPIOservice into a context  which must be forbidden
2022-10-31 14:44:01,925 [INFO] Context:654 - Trying to add GPIOservice into a context  which must be forbidden
2022-10-31 14:44:02,252 [WARN] ApiManager:308 - Cannot register API 'Board Extension:GNSS1A1' from pack STMicroelectronics.X-CUBE-GNSS1.6.0.0: no header file found
2022-10-31 14:44:02,252 [WARN] ApiManager:308 - Cannot register API 'Board Support:Custom' from pack STMicroelectronics.X-CUBE-GNSS1.6.0.0: no header file found
2022-10-31 14:44:02,252 [WARN] ApiManager:308 - Cannot register API 'Data Exchange:lib_gnss' from pack STMicroelectronics.X-CUBE-GNSS1.6.0.0: no header file found
2022-10-31 14:44:02,261 [WARN] ApiManager:308 - Cannot register API 'Wireless:BlueNRG-MS' from pack STMicroelectronics.X-CUBE-BLE1.6.2.3: no header file found
2022-10-31 14:44:02,265 [INFO] RtosManager:488 - Registered RTOS mode: class=CMSIS, group=RTOS, mode=CMSIS_V1, owner=FREERTOS
2022-10-31 14:44:02,266 [INFO] RtosManager:488 - Registered RTOS mode: class=CMSIS, group=RTOS2, mode=CMSIS_V2, owner=FREERTOS
2022-10-31 14:44:02,266 [INFO] RtosManager:488 - Registered RTOS mode: class=RTOS, group=Core, mode=CMSIS_V1, owner=FREERTOS
2022-10-31 14:44:02,266 [INFO] RtosManager:488 - Registered RTOS mode: class=RTOS, group=Core, mode=CMSIS_V2, owner=FREERTOS
2022-10-31 14:44:02,266 [WARN] ModelIntegratedComponent:185 - Missing modes for component STMicroelectronics:FreeRTOS:0.0.1:STMicroelectronics:RTOS:FreeRTOS:Core:::10.2.0:
2022-10-31 14:44:02,272 [WARN] ApiManager:308 - Cannot register API 'Board Extension:S2868A1' from pack STMicroelectronics.X-CUBE-SUBG2.5.0.0: no header file found
2022-10-31 14:44:02,273 [WARN] ApiManager:308 - Cannot register API 'Board Extension:S2868A2' from pack STMicroelectronics.X-CUBE-SUBG2.5.0.0: no header file found
2022-10-31 14:44:02,273 [WARN] ApiManager:308 - Cannot register API 'Board Extension:S2915A1' from pack STMicroelectronics.X-CUBE-SUBG2.5.0.0: no header file found
2022-10-31 14:44:02,278 [WARN] ApiManager:308 - Cannot register API 'Board Extension:NFC04A1' from pack STMicroelectronics.X-CUBE-NFC4.2.0.4: no header file found
2022-10-31 14:44:02,300 [WARN] ModelIntegratedComponent:64 - No mode defined for component null
2022-10-31 14:44:02,300 [WARN] ModelIntegratedComponent:64 - No mode defined for component null
2022-10-31 14:44:02,300 [WARN] ModelIntegratedComponent:64 - No mode defined for component null
2022-10-31 14:44:02,300 [WARN] ModelIntegratedComponent:64 - No mode defined for component null
2022-10-31 14:44:02,300 [WARN] ModelIntegratedComponent:64 - No mode defined for component null
2022-10-31 14:44:02,300 [WARN] ModelIntegratedComponent:64 - No mode defined for component null
2022-10-31 14:44:02,300 [WARN] ModelIntegratedComponent:64 - No mode defined for component null
2022-10-31 14:44:02,300 [WARN] ModelIntegratedComponent:64 - No mode defined for component null
2022-10-31 14:44:02,301 [WARN] ModelIntegratedComponent:64 - No mode defined for component null
2022-10-31 14:44:02,301 [WARN] ModelIntegratedComponent:64 - No mode defined for component null
2022-10-31 14:44:02,301 [WARN] ModelIntegratedComponent:64 - No mode defined for component null
2022-10-31 14:44:02,301 [WARN] ModelIntegratedComponent:64 - No mode defined for component null
2022-10-31 14:44:02,301 [WARN] ModelIntegratedComponent:64 - No mode defined for component null
2022-10-31 14:44:02,301 [WARN] ModelIntegratedComponent:64 - No mode defined for component null
2022-10-31 14:44:02,301 [WARN] ModelIntegratedComponent:64 - No mode defined for component null
2022-10-31 14:44:02,301 [WARN] ModelIntegratedComponent:64 - No mode defined for component null
2022-10-31 14:44:02,301 [WARN] ModelIntegratedComponent:64 - No mode defined for component null
2022-10-31 14:44:02,301 [WARN] ModelIntegratedComponent:64 - No mode defined for component null
2022-10-31 14:44:02,301 [WARN] ModelIntegratedComponent:64 - No mode defined for component null
2022-10-31 14:44:02,301 [WARN] ModelIntegratedComponent:64 - No mode defined for component null
2022-10-31 14:44:02,301 [WARN] ModelIntegratedComponent:64 - No mode defined for component null
2022-10-31 14:44:02,301 [WARN] ModelIntegratedComponent:64 - No mode defined for component null
2022-10-31 14:44:02,301 [WARN] ModelIntegratedComponent:64 - No mode defined for component null
2022-10-31 14:44:02,301 [WARN] ModelIntegratedComponent:64 - No mode defined for component null
2022-10-31 14:44:02,301 [WARN] ModelIntegratedComponent:64 - No mode defined for component null
2022-10-31 14:44:02,302 [WARN] ModelIntegratedComponent:64 - No mode defined for component null
2022-10-31 14:44:02,302 [WARN] ModelIntegratedComponent:64 - No mode defined for component null
2022-10-31 14:44:02,302 [WARN] ModelIntegratedComponent:64 - No mode defined for component null
2022-10-31 14:44:02,302 [WARN] ModelIntegratedComponent:64 - No mode defined for component null
2022-10-31 14:44:02,302 [WARN] ModelIntegratedComponent:64 - No mode defined for component null
2022-10-31 14:44:02,302 [WARN] ModelIntegratedComponent:64 - No mode defined for component null
2022-10-31 14:44:02,302 [WARN] ModelIntegratedComponent:64 - No mode defined for component null
2022-10-31 14:44:02,302 [WARN] ModelIntegratedComponent:64 - No mode defined for component null
2022-10-31 14:44:02,304 [WARN] ApiManager:308 - Cannot register API 'Board Extension:NFC07A1' from pack STMicroelectronics.X-CUBE-NFC7.1.0.0: no header file found
2022-10-31 14:44:02,357 [WARN] ApiManager:308 - Cannot register API 'Board Extension:IKS01A3' from pack STMicroelectronics.X-CUBE-MEMS1.9.3.0: no header file found
2022-10-31 14:44:02,360 [WARN] ApiManager:308 - Cannot register API 'Board Extension:IKS01A2' from pack STMicroelectronics.X-CUBE-MEMS1.9.3.0: no header file found
2022-10-31 14:44:02,360 [WARN] ApiManager:308 - Cannot register API 'Board Extension:IKS02A1' from pack STMicroelectronics.X-CUBE-MEMS1.9.3.0: no header file found
2022-10-31 14:44:02,366 [WARN] ApiManager:308 - Cannot register API 'Board Extension:EEPRMA1' from pack STMicroelectronics.X-CUBE-EEPRMA1.3.1.1: no header file found
2022-10-31 14:44:02,366 [WARN] ApiManager:308 - Cannot register API 'Board Extension:EEPRMA2' from pack STMicroelectronics.X-CUBE-EEPRMA1.3.1.1: no header file found
2022-10-31 14:44:02,367 [WARN] ApiManager:308 - Cannot register API 'Board Extension:S2868A1' from pack STMicroelectronics.X-CUBE-SFXS2LP1.4.0.0: no header file found
2022-10-31 14:44:02,367 [WARN] ApiManager:308 - Cannot register API 'Board Extension:S2868A2' from pack STMicroelectronics.X-CUBE-SFXS2LP1.4.0.0: no header file found
2022-10-31 14:44:02,367 [WARN] ApiManager:308 - Cannot register API 'Board Extension:S2915A1' from pack STMicroelectronics.X-CUBE-SFXS2LP1.4.0.0: no header file found
2022-10-31 14:44:02,367 [WARN] ApiManager:308 - Cannot register API 'Wireless:BlueNRG-2' from pack STMicroelectronics.X-CUBE-BLE2.3.3.0: no header file found
2022-10-31 14:44:02,377 [INFO] ThirdPartyModel:289 - Start build external matchings
2022-10-31 14:44:02,516 [INFO] ThirdPartyModel:302 - End build external matchings
2022-10-31 14:44:02,530 [INFO] ImportTextPane:193 - (OptionalMessage_ERROR) IP (RCC) : Invalid parameter (FamilyName)
2022-10-31 14:44:02,744 [INFO] UtilMem:74 - End LoadConfig() Used Memory: 470438320 Bytes (631242752)
2022-10-31 14:44:02,763 [WARN] ThirdParty:789 - waiting for thirdparty lock release [change project]
2022-10-31 14:44:02,763 [INFO] ThirdParty:791 - entering critical section [change project]
2022-10-31 14:44:02,764 [INFO] ThirdParty:981 - CMSIS Pack Vendor :RoweBots I-CUBE-UNISONRTOS 5.5.0-4
2022-10-31 14:44:02,764 [INFO] ThirdParty:981 - CMSIS Pack Vendor :STMicroelectronics X-CUBE-GNSS1 6.0.0
2022-10-31 14:44:02,764 [INFO] ThirdParty:981 - CMSIS Pack Vendor :STMicroelectronics X-CUBE-AZRTOS-H7 2.1.0
2022-10-31 14:44:02,764 [INFO] ThirdParty:981 - CMSIS Pack Vendor :STMicroelectronics USB_HOST 2.0.0
2022-10-31 14:44:02,764 [INFO] ThirdParty:981 - CMSIS Pack Vendor :STMicroelectronics X-CUBE-AZRTOS-F4 1.1.0
2022-10-31 14:44:02,764 [INFO] ThirdParty:981 - CMSIS Pack Vendor :STMicroelectronics LIBJPEG 8.0.0
2022-10-31 14:44:02,764 [INFO] ThirdParty:981 - CMSIS Pack Vendor :STMicroelectronics USB_DEVICE 3.0.0
2022-10-31 14:44:02,764 [INFO] ThirdParty:981 - CMSIS Pack Vendor :STMicroelectronics X-CUBE-BLEMGR 1.0.0
2022-10-31 14:44:02,764 [INFO] ThirdParty:981 - CMSIS Pack Vendor :STMicroelectronics X-CUBE-BLEMGR 1.2.0
2022-10-31 14:44:02,765 [INFO] ThirdParty:981 - CMSIS Pack Vendor :STMicroelectronics X-CUBE-AZRTOS-F7 1.1.0
2022-10-31 14:44:02,765 [INFO] ThirdParty:981 - CMSIS Pack Vendor :STMicroelectronics USB_DEVICE 2.0.0
2022-10-31 14:44:02,765 [INFO] ThirdParty:981 - CMSIS Pack Vendor :STMicroelectronics X-CUBE-BLE1 6.2.3
2022-10-31 14:44:02,765 [INFO] ThirdParty:981 - CMSIS Pack Vendor :STMicroelectronics X-CUBE-ALGOBUILD 1.3.0
2022-10-31 14:44:02,765 [INFO] ThirdParty:981 - CMSIS Pack Vendor :STMicroelectronics FreeRTOS 0.0.1
2022-10-31 14:44:02,765 [INFO] ThirdParty:981 - CMSIS Pack Vendor :STMicroelectronics X-CUBE-AZRTOS-G0 1.1.0
2022-10-31 14:44:02,765 [INFO] ThirdParty:981 - CMSIS Pack Vendor :STMicroelectronics X-CUBE-SUBG2 5.0.0
2022-10-31 14:44:02,765 [INFO] ThirdParty:981 - CMSIS Pack Vendor :STMicroelectronics STM32_WPAN 1.0.0
2022-10-31 14:44:02,765 [INFO] ThirdParty:981 - CMSIS Pack Vendor :SEGGER I-CUBE-embOS 1.2.1
2022-10-31 14:44:02,765 [INFO] ThirdParty:981 - CMSIS Pack Vendor :STMicroelectronics lwIP 2.0.3
2022-10-31 14:44:02,765 [INFO] ThirdParty:981 - CMSIS Pack Vendor :STMicroelectronics X-CUBE-NFC4 2.0.4
2022-10-31 14:44:02,765 [INFO] ThirdParty:981 - CMSIS Pack Vendor :STMicroelectronics USB_HOST 1.0.0
2022-10-31 14:44:02,765 [INFO] ThirdParty:981 - CMSIS Pack Vendor :STMicroelectronics PDM2PCM 3.1.0
2022-10-31 14:44:02,766 [INFO] ThirdParty:981 - CMSIS Pack Vendor :STMicroelectronics FP-ATR-ASTRA1 1.1.1
2022-10-31 14:44:02,766 [INFO] ThirdParty:981 - CMSIS Pack Vendor :STMicroelectronics PDM2PCM 3.3.0
2022-10-31 14:44:02,766 [INFO] ThirdParty:981 - CMSIS Pack Vendor :STMicroelectronics X-CUBE-TOF1 3.1.0
2022-10-31 14:44:02,766 [INFO] ThirdParty:981 - CMSIS Pack Vendor :STMicroelectronics X-CUBE-AZRTOS-G4 1.0.0
2022-10-31 14:44:02,766 [INFO] ThirdParty:981 - CMSIS Pack Vendor :STMicroelectronics FP-ATR-SIGFOX1 3.2.0
2022-10-31 14:44:02,766 [INFO] ThirdParty:981 - CMSIS Pack Vendor :STMicroelectronics X-CUBE-AZRTOS-L4 1.0.0
2022-10-31 14:44:02,766 [INFO] ThirdParty:981 - CMSIS Pack Vendor :wolfSSL I-CUBE-wolfSSL 5.5.0
2022-10-31 14:44:02,766 [INFO] ThirdParty:981 - CMSIS Pack Vendor :STMicroelectronics HAL Drivers 0.0.0
2022-10-31 14:44:02,766 [INFO] ThirdParty:981 - CMSIS Pack Vendor :STMicroelectronics MBEDTLS 2.16.2
2022-10-31 14:44:02,766 [INFO] ThirdParty:981 - CMSIS Pack Vendor :emotas I-CUBE-CANOPEN 1.1.2
2022-10-31 14:44:02,766 [INFO] ThirdParty:981 - CMSIS Pack Vendor :STMicroelectronics X-CUBE-TOUCHGFX 4.20.0
2022-10-31 14:44:02,766 [INFO] ThirdParty:981 - CMSIS Pack Vendor :STMicroelectronics MBEDTLS 2.14.1
2022-10-31 14:44:02,766 [INFO] ThirdParty:981 - CMSIS Pack Vendor :STMicroelectronics X-CUBE-NFC7 1.0.0
2022-10-31 14:44:02,766 [INFO] ThirdParty:981 - CMSIS Pack Vendor :STMicroelectronics X-CUBE-AZRTOS-WL 1.0.0
2022-10-31 14:44:02,766 [INFO] ThirdParty:981 - CMSIS Pack Vendor :STMicroelectronics X-CUBE-MEMS1 9.3.0
2022-10-31 14:44:02,766 [INFO] ThirdParty:981 - CMSIS Pack Vendor :portGmbH I-Cube-SoM-uGOAL 1.1.0
2022-10-31 14:44:02,766 [INFO] ThirdParty:981 - CMSIS Pack Vendor :STMicroelectronics X-CUBE-ALS 1.0.1
2022-10-31 14:44:02,766 [INFO] ThirdParty:981 - CMSIS Pack Vendor :STMicroelectronics X-CUBE-AI 7.2.0
2022-10-31 14:44:02,766 [INFO] ThirdParty:981 - CMSIS Pack Vendor :STMicroelectronics ThreadX 1.0.0
2022-10-31 14:44:02,766 [INFO] ThirdParty:981 - CMSIS Pack Vendor :STMicroelectronics X-CUBE-AZRTOS-L5 1.0.0
2022-10-31 14:44:02,766 [INFO] ThirdParty:981 - CMSIS Pack Vendor :STMicroelectronics USB_DEVICE 1.0.0
2022-10-31 14:44:02,766 [INFO] ThirdParty:981 - CMSIS Pack Vendor :STMicroelectronics X-CUBE-EEPRMA1 3.1.1
2022-10-31 14:44:02,766 [INFO] ThirdParty:981 - CMSIS Pack Vendor :STMicroelectronics ThreadX 0.0.2
2022-10-31 14:44:02,766 [INFO] ThirdParty:981 - CMSIS Pack Vendor :STMicroelectronics lwIP 2.1.2
2022-10-31 14:44:02,766 [INFO] ThirdParty:981 - CMSIS Pack Vendor :STMicroelectronics X-CUBE-SFXS2LP1 4.0.0
2022-10-31 14:44:02,767 [INFO] ThirdParty:981 - CMSIS Pack Vendor :STMicroelectronics X-CUBE-BLE2 3.3.0
2022-10-31 14:44:02,767 [INFO] ThirdParty:981 - CMSIS Pack Vendor :STMicroelectronics X-CUBE-DISPLAY 2.2.0
2022-10-31 14:44:02,767 [INFO] ThirdParty:981 - CMSIS Pack Vendor :STMicroelectronics X-CUBE-TOF1 3.2.0
2022-10-31 14:44:02,767 [INFO] ThirdParty:981 - CMSIS Pack Vendor :STMicroelectronics PDM2PCM 3.2.0
2022-10-31 14:44:02,767 [INFO] ThirdParty:981 - CMSIS Pack Vendor :STMicroelectronics X-CUBE-ISPU 1.0.0
2022-10-31 14:44:02,767 [INFO] ThirdParty:797 - exiting critical section [change project]
2022-10-31 14:44:03,000 [INFO] PinOutPanel:1468 - setPackage(No Configuration,No Configuration)
2022-10-31 14:44:03,001 [INFO] PinOutPanel:1468 - setPackage(STM32WL55JCIx,UFBGA73)
2022-10-31 14:44:03,320 [INFO] UtilMem:74 - Before build in PCC Used Memory: 507366784 Bytes (631242752)
2022-10-31 14:44:04,060 [INFO] UtilMem:74 - After build in PCC Used Memory: 535674024 Bytes (631242752)
2022-10-31 14:44:04,082 [INFO] IPUIPlugin:79 - create IPUIPlugin
2022-10-31 14:44:04,082 [INFO] IPUIPlugin:79 - create IPUIPlugin
2022-10-31 14:44:04,082 [INFO] IPUIPlugin:79 - create IPUIPlugin
2022-10-31 14:44:04,082 [INFO] IPUIPlugin:79 - create IPUIPlugin
2022-10-31 14:44:04,082 [INFO] IPUIPlugin:79 - create IPUIPlugin
2022-10-31 14:44:04,083 [INFO] IPUIPlugin:79 - create IPUIPlugin
2022-10-31 14:44:04,083 [INFO] IPUIPlugin:79 - create IPUIPlugin
2022-10-31 14:44:04,083 [INFO] IPUIPlugin:79 - create IPUIPlugin
2022-10-31 14:44:04,083 [INFO] IPUIPlugin:79 - create IPUIPlugin
2022-10-31 14:44:04,084 [INFO] IPUIPlugin:79 - create IPUIPlugin
2022-10-31 14:44:04,084 [INFO] IPUIPlugin:79 - create IPUIPlugin
2022-10-31 14:44:04,084 [INFO] IPUIPlugin:79 - create IPUIPlugin
2022-10-31 14:44:04,084 [INFO] IPUIPlugin:79 - create IPUIPlugin
2022-10-31 14:44:04,084 [INFO] IPUIPlugin:79 - create IPUIPlugin
2022-10-31 14:44:04,084 [INFO] IPUIPlugin:79 - create IPUIPlugin
2022-10-31 14:44:04,084 [INFO] IPUIPlugin:79 - create IPUIPlugin
2022-10-31 14:44:04,084 [INFO] IPUIPlugin:79 - create IPUIPlugin
2022-10-31 14:44:04,085 [INFO] IPUIPlugin:79 - create IPUIPlugin
2022-10-31 14:44:04,085 [INFO] IPUIPlugin:79 - create IPUIPlugin
2022-10-31 14:44:04,085 [INFO] IPUIPlugin:79 - create IPUIPlugin
2022-10-31 14:44:04,085 [INFO] IPUIPlugin:79 - create IPUIPlugin
2022-10-31 14:44:04,085 [INFO] IPUIPlugin:79 - create IPUIPlugin
2022-10-31 14:44:04,086 [INFO] IPUIPlugin:79 - create IPUIPlugin
2022-10-31 14:44:04,086 [INFO] IPUIPlugin:79 - create IPUIPlugin
2022-10-31 14:44:04,086 [INFO] IPUIPlugin:79 - create IPUIPlugin
2022-10-31 14:44:04,088 [INFO] IPUIPlugin:79 - create IPUIPlugin
2022-10-31 14:44:04,088 [INFO] IPUIPlugin:79 - create IPUIPlugin
2022-10-31 14:44:04,088 [INFO] IPUIPlugin:79 - create IPUIPlugin
2022-10-31 14:44:04,088 [INFO] IPUIPlugin:79 - create IPUIPlugin
2022-10-31 14:44:04,089 [INFO] IPUIPlugin:79 - create IPUIPlugin
2022-10-31 14:44:04,089 [INFO] IPUIPlugin:79 - create IPUIPlugin
2022-10-31 14:44:04,090 [INFO] IPUIPlugin:79 - create IPUIPlugin
2022-10-31 14:44:04,090 [INFO] IPUIPlugin:79 - create IPUIPlugin
2022-10-31 14:44:04,090 [INFO] IPUIPlugin:79 - create IPUIPlugin
2022-10-31 14:44:04,091 [INFO] IPUIPlugin:79 - create IPUIPlugin
2022-10-31 14:44:04,091 [INFO] IPUIPlugin:79 - create IPUIPlugin
2022-10-31 14:44:04,098 [INFO] IPUIPlugin:79 - create IPUIPlugin
2022-10-31 14:44:04,098 [INFO] IPUIPlugin:79 - create IPUIPlugin
2022-10-31 14:44:04,098 [INFO] IPUIPlugin:79 - create IPUIPlugin
2022-10-31 14:44:04,099 [INFO] IPUIPlugin:79 - create IPUIPlugin
2022-10-31 14:44:04,099 [INFO] IPUIPlugin:79 - create IPUIPlugin
2022-10-31 14:44:04,099 [INFO] IPUIPlugin:79 - create IPUIPlugin
2022-10-31 14:44:04,099 [INFO] IPUIPlugin:79 - create IPUIPlugin
2022-10-31 14:44:04,100 [INFO] IPUIPlugin:79 - create IPUIPlugin
2022-10-31 14:44:04,100 [INFO] IPUIPlugin:79 - create IPUIPlugin
2022-10-31 14:44:04,100 [INFO] IPUIPlugin:79 - create IPUIPlugin
2022-10-31 14:44:04,100 [INFO] IPUIPlugin:79 - create IPUIPlugin
2022-10-31 14:44:04,100 [INFO] IPUIPlugin:79 - create IPUIPlugin
2022-10-31 14:44:04,101 [INFO] IPUIPlugin:79 - create IPUIPlugin
2022-10-31 14:44:04,101 [INFO] IPUIPlugin:79 - create IPUIPlugin
2022-10-31 14:44:04,336 [INFO] OpenFileManager:327 - Restore cursor
2022-10-31 14:44:04,765 [INFO] UtilMem:74 - End SaveConfig() Used Memory: 520478840 Bytes (631242752)
2022-10-31 14:44:04,802 [INFO] UtilMem:74 - End SaveConfig() Used Memory: 532535416 Bytes (631242752)
2022-10-31 14:44:05,178 [INFO] BlockDiagram:2753 - set Specific Code input for plugin: LPTIM
2022-10-31 14:44:05,178 [INFO] BlockDiagram:2753 - set Specific Code input for plugin: RCC
2022-10-31 14:44:05,179 [INFO] BlockDiagram:2753 - set Specific Code input for plugin: NVIC
2022-10-31 14:44:05,179 [INFO] BlockDiagram:2753 - set Specific Code input for plugin: USART
2022-10-31 14:44:05,179 [INFO] BlockDiagram:2753 - set Specific Code input for plugin: COMP
2022-10-31 14:44:05,179 [INFO] BlockDiagram:2753 - set Specific Code input for plugin: DAC
2022-10-31 14:44:05,179 [INFO] BlockDiagram:2753 - set Specific Code input for plugin: GPIO
2022-10-31 14:44:05,181 [INFO] CodeGenerator:690 - code generatio: config db path: C:\ST\STM32CubeIDE_1.10.1\STM32CubeIDE\plugins\com.st.stm32cube.common.mx_6.6.1.202207061420\\db\
2022-10-31 14:44:05,451 [INFO] CodeEngine:245 - oldGeneratedFile, D:\Education\Eksternal\Lab\EIS\AMR\Project\AMRStm32WL55\versi1\MXTmpFiles\license.tmp_save
2022-10-31 14:44:05,773 [INFO] CodeEngine:269 - Generated code: D:\Education\Eksternal\Lab\EIS\AMR\Project\AMRStm32WL55\versi1\MXTmpFiles\license.tmp
2022-10-31 14:44:05,881 [INFO] CodeEngine:245 - oldGeneratedFile, D:\Education\Eksternal\Lab\EIS\AMR\Project\AMRStm32WL55\versi1\MXTmpFiles\gpio.tmp_save
2022-10-31 14:44:06,001 [INFO] CodeEngine:269 - Generated code: D:\Education\Eksternal\Lab\EIS\AMR\Project\AMRStm32WL55\versi1\MXTmpFiles\gpio.tmp
2022-10-31 14:44:06,285 [INFO] CodeEngine:245 - oldGeneratedFile, D:\Education\Eksternal\Lab\EIS\AMR\Project\AMRStm32WL55\versi1\Core\Src\stm32wlxx_it.c_save
2022-10-31 14:44:06,395 [INFO] CodeEngine:269 - Generated code: D:\Education\Eksternal\Lab\EIS\AMR\Project\AMRStm32WL55\versi1\Core\Src\stm32wlxx_it.c
2022-10-31 14:44:06,403 [INFO] CodeEngine:245 - oldGeneratedFile, D:\Education\Eksternal\Lab\EIS\AMR\Project\AMRStm32WL55\versi1\Core\Inc\stm32wlxx_it.h_save
2022-10-31 14:44:06,458 [INFO] CodeEngine:269 - Generated code: D:\Education\Eksternal\Lab\EIS\AMR\Project\AMRStm32WL55\versi1\Core\Inc\stm32wlxx_it.h
2022-10-31 14:44:06,534 [INFO] CodeEngine:245 - oldGeneratedFile, D:\Education\Eksternal\Lab\EIS\AMR\Project\AMRStm32WL55\versi1\Core\Src\stm32wlxx_hal_msp.c_save
2022-10-31 14:44:06,668 [INFO] CodeEngine:269 - Generated code: D:\Education\Eksternal\Lab\EIS\AMR\Project\AMRStm32WL55\versi1\Core\Src\stm32wlxx_hal_msp.c
2022-10-31 14:44:06,680 [INFO] CodeEngine:245 - oldGeneratedFile, D:\Education\Eksternal\Lab\EIS\AMR\Project\AMRStm32WL55\versi1\MXTmpFiles\system.tmp_save
2022-10-31 14:44:06,734 [INFO] CodeEngine:269 - Generated code: D:\Education\Eksternal\Lab\EIS\AMR\Project\AMRStm32WL55\versi1\MXTmpFiles\system.tmp
2022-10-31 14:44:06,745 [INFO] CodeEngine:245 - oldGeneratedFile, D:\Education\Eksternal\Lab\EIS\AMR\Project\AMRStm32WL55\versi1\Core\Inc\stm32wlxx_hal_conf.h_save
2022-10-31 14:44:06,825 [INFO] CodeEngine:269 - Generated code: D:\Education\Eksternal\Lab\EIS\AMR\Project\AMRStm32WL55\versi1\Core\Inc\stm32wlxx_hal_conf.h
2022-10-31 14:44:06,858 [INFO] CodeEngine:245 - oldGeneratedFile, D:\Education\Eksternal\Lab\EIS\AMR\Project\AMRStm32WL55\versi1\Core\Inc\main.h_save
2022-10-31 14:44:06,927 [INFO] CodeEngine:269 - Generated code: D:\Education\Eksternal\Lab\EIS\AMR\Project\AMRStm32WL55\versi1\Core\Inc\main.h
2022-10-31 14:44:06,934 [INFO] CodeEngine:245 - oldGeneratedFile, D:\Education\Eksternal\Lab\EIS\AMR\Project\AMRStm32WL55\versi1\Core\Src\main.c_save
2022-10-31 14:44:07,056 [INFO] CodeEngine:269 - Generated code: D:\Education\Eksternal\Lab\EIS\AMR\Project\AMRStm32WL55\versi1\Core\Src\main.c
2022-10-31 14:44:07,872 [INFO] ProjectBuilder:2919 - Time for Copy HAL[1] : 395mS.
2022-10-31 14:44:07,883 [INFO] ProjectBuilder:4117 - Project Generator version: 3.17.1
2022-10-31 14:44:08,116 [INFO] ConfigFileManager:1394 - The Die is : DIE497
2022-10-31 14:44:08,123 [INFO] ApiDbMcu:505 - Load IP Config File for FATFS
2022-10-31 14:44:08,139 [INFO] ApiDbMcu:505 - Load IP Config File for FREERTOS
2022-10-31 14:44:08,145 [INFO] ApiDbMcu:505 - Load IP Config File for KMS
2022-10-31 14:44:08,160 [INFO] ApiDbMcu:505 - Load IP Config File for LoRaWAN
2022-10-31 14:44:08,170 [INFO] ApiDbMcu:505 - Load IP Config File for Sigfox
2022-10-31 14:44:08,179 [INFO] ApiDbMcu:505 - Load IP Config File for SubGHz_Phy
2022-10-31 14:44:11,042 [INFO] ProjectBuilder:4285 - Time for Generating toolchain IDE Files: 3159mS.
2022-10-31 14:44:11,047 [INFO] ProjectBuilder:2790 - Time for Copy CMSIS : 5mS.
2022-10-31 14:44:11,047 [INFO] ProjectBuilder:2790 - Time for Copy CMSIS : 0mS.
2022-10-31 14:44:11,997 [INFO] McuFinderGlobals:57 - Set McuFinderConnectedMode to true
2022-10-31 14:44:12,000 [INFO] ApiDb:443 - Save user favorites file C:\Users\deara/.stm32cubeide/favorites.mcus.txt: 0 item(s)
2022-10-31 14:44:12,000 [INFO] ApiDb:447 - User favorites MCUs=[]
2022-10-31 14:44:12,272 [ERROR] LogOutputStream:74 - [STDERR_REDIRECT] Exception in thread "AWT-EventQueue-0" java.awt.IllegalComponentStateException: Native resources unavailable
2022-10-31 14:44:12,273 [ERROR] LogOutputStream:74 - [STDERR_REDIRECT] 	at java.desktop/sun.awt.windows.WWindowPeer.getScreenImOn(Native Method)
2022-10-31 14:44:12,274 [ERROR] LogOutputStream:74 - [STDERR_REDIRECT] 	at java.desktop/sun.awt.windows.WWindowPeer.updateGC(WWindowPeer.java:566)
2022-10-31 14:44:12,275 [ERROR] LogOutputStream:74 - [STDERR_REDIRECT] 	at java.desktop/java.awt.event.InvocationEvent.dispatch(InvocationEvent.java:313)
2022-10-31 14:44:12,276 [ERROR] LogOutputStream:74 - [STDERR_REDIRECT] 	at java.desktop/java.awt.EventQueue.dispatchEventImpl(EventQueue.java:770)
2022-10-31 14:44:12,276 [ERROR] LogOutputStream:74 - [STDERR_REDIRECT] 	at java.desktop/java.awt.EventQueue$4.run(EventQueue.java:721)
2022-10-31 14:44:12,277 [ERROR] LogOutputStream:74 - [STDERR_REDIRECT] 	at java.desktop/java.awt.EventQueue$4.run(EventQueue.java:715)
2022-10-31 14:44:12,278 [ERROR] LogOutputStream:74 - [STDERR_REDIRECT] 	at java.base/java.security.AccessController.doPrivileged(Native Method)
2022-10-31 14:44:12,279 [ERROR] LogOutputStream:74 - [STDERR_REDIRECT] 	at java.base/java.security.ProtectionDomain$JavaSecurityAccessImpl.doIntersectionPrivilege(ProtectionDomain.java:85)
2022-10-31 14:44:12,280 [ERROR] LogOutputStream:74 - [STDERR_REDIRECT] 	at java.base/java.security.ProtectionDomain$JavaSecurityAccessImpl.doIntersectionPrivilege(ProtectionDomain.java:95)
2022-10-31 14:44:12,280 [ERROR] LogOutputStream:74 - [STDERR_REDIRECT] 	at java.desktop/java.awt.EventQueue$5.run(EventQueue.java:745)
2022-10-31 14:44:12,281 [ERROR] LogOutputStream:74 - [STDERR_REDIRECT] 	at java.desktop/java.awt.EventQueue$5.run(EventQueue.java:743)
2022-10-31 14:44:12,282 [ERROR] LogOutputStream:74 - [STDERR_REDIRECT] 	at java.base/java.security.AccessController.doPrivileged(Native Method)
2022-10-31 14:44:12,282 [ERROR] LogOutputStream:74 - [STDERR_REDIRECT] 	at java.base/java.security.ProtectionDomain$JavaSecurityAccessImpl.doIntersectionPrivilege(ProtectionDomain.java:85)
2022-10-31 14:44:12,283 [ERROR] LogOutputStream:74 - [STDERR_REDIRECT] 	at java.desktop/java.awt.EventQueue.dispatchEvent(EventQueue.java:742)
2022-10-31 14:44:12,284 [ERROR] LogOutputStream:74 - [STDERR_REDIRECT] 	at java.desktop/java.awt.EventDispatchThread.pumpOneEventForFilters(EventDispatchThread.java:203)
2022-10-31 14:44:12,285 [ERROR] LogOutputStream:74 - [STDERR_REDIRECT] 	at java.desktop/java.awt.EventDispatchThread.pumpEventsForFilter(EventDispatchThread.java:124)
2022-10-31 14:44:12,286 [ERROR] LogOutputStream:74 - [STDERR_REDIRECT] 	at java.desktop/java.awt.EventDispatchThread.pumpEventsForHierarchy(EventDispatchThread.java:113)
2022-10-31 14:44:12,286 [ERROR] LogOutputStream:74 - [STDERR_REDIRECT] 	at java.desktop/java.awt.EventDispatchThread.pumpEvents(EventDispatchThread.java:109)
2022-10-31 14:44:12,287 [ERROR] LogOutputStream:74 - [STDERR_REDIRECT] 	at java.desktop/java.awt.EventDispatchThread.pumpEvents(EventDispatchThread.java:101)
2022-10-31 14:44:12,288 [ERROR] LogOutputStream:74 - [STDERR_REDIRECT] 	at java.desktop/java.awt.EventDispatchThread.run(EventDispatchThread.java:90)
